0 verbose cli /usr/local/bin/node /usr/local/bin/npm
1 info using npm@8.19.3
2 info using node@v19.2.0
3 timing npm:load:whichnode Completed in 1ms
4 timing config:load:defaults Completed in 1ms
5 timing config:load:file:/usr/local/lib/node_modules/npm/npmrc Completed in 1ms
6 timing config:load:builtin Completed in 1ms
7 timing config:load:cli Completed in 2ms
8 timing config:load:env Completed in 0ms
9 timing config:load:project Completed in 3ms
10 timing config:load:file:/home/node/.npmrc Completed in 0ms
11 timing config:load:user Completed in 0ms
12 timing config:load:file:/usr/local/etc/npmrc Completed in 0ms
13 timing config:load:global Completed in 0ms
14 timing config:load:validate Completed in 0ms
15 timing config:load:credentials Completed in 1ms
16 timing config:load:setEnvs Completed in 0ms
17 timing config:load Completed in 10ms
18 timing npm:load:configload Completed in 10ms
19 timing npm:load:mkdirpcache Completed in 3ms
20 timing npm:load:mkdirplogs Completed in 1ms
21 verbose title npm i mongodb
22 verbose argv "i" "mongodb"
23 timing npm:load:setTitle Completed in 1ms
24 timing config:load:flatten Completed in 2ms
25 timing npm:load:display Completed in 3ms
26 verbose logfile logs-max:10 dir:/home/node/.npm/_logs
27 verbose logfile /home/node/.npm/_logs/2022-12-13T19_49_56_300Z-debug-0.log
28 timing npm:load:logFile Completed in 15ms
29 timing npm:load:timers Completed in 0ms
30 timing npm:load:configScope Completed in 0ms
31 timing npm:load Completed in 36ms
32 timing arborist:ctor Completed in 0ms
33 silly logfile start cleaning logs, removing 1 files
34 silly logfile done cleaning log files
35 timing idealTree:init Completed in 133ms
36 timing idealTree:userRequests Completed in 2ms
37 silly idealTree buildDeps
38 silly fetch manifest mongodb@*
39 timing arborist:ctor Completed in 0ms
40 http fetch GET 200 https://registry.npmjs.org/mongodb 359ms (cache revalidated)
41 silly placeDep ROOT mongodb@4.12.1 REPLACE for: project-back@1.0.0 want: *
42 timing idealTree:#root Completed in 369ms
43 timing idealTree:node_modules/mongodb Completed in 0ms
44 timing idealTree:buildDeps Completed in 372ms
45 timing idealTree:fixDepFlags Completed in 3ms
46 timing idealTree Completed in 521ms
47 timing reify:loadTrees Completed in 522ms
48 timing reify:diffTrees Completed in 25ms
49 silly reify moves {}
50 timing reify:retireShallow Completed in 1ms
51 timing reify:createSparse Completed in 3ms
52 timing reify:loadBundles Completed in 0ms
53 silly audit bulk request {
53 silly audit   '@aws-crypto/ie11-detection': [ '2.0.2' ],
53 silly audit   tslib: [ '1.14.1', '2.4.1' ],
53 silly audit   '@aws-crypto/sha256-browser': [ '2.0.0' ],
53 silly audit   '@aws-crypto/sha256-js': [ '2.0.0' ],
53 silly audit   '@aws-crypto/supports-web-crypto': [ '2.0.2' ],
53 silly audit   '@aws-crypto/util': [ '2.0.2' ],
53 silly audit   '@aws-sdk/abort-controller': [ '3.226.0' ],
53 silly audit   '@aws-sdk/client-cognito-identity': [ '3.229.0' ],
53 silly audit   '@aws-sdk/client-sso': [ '3.229.0' ],
53 silly audit   '@aws-sdk/client-sso-oidc': [ '3.229.0' ],
53 silly audit   '@aws-sdk/client-sts': [ '3.229.0' ],
53 silly audit   '@aws-sdk/config-resolver': [ '3.226.0' ],
53 silly audit   '@aws-sdk/credential-provider-cognito-identity': [ '3.229.0' ],
53 silly audit   '@aws-sdk/credential-provider-env': [ '3.226.0' ],
53 silly audit   '@aws-sdk/credential-provider-imds': [ '3.226.0' ],
53 silly audit   '@aws-sdk/credential-provider-ini': [ '3.229.0' ],
53 silly audit   '@aws-sdk/credential-provider-node': [ '3.229.0' ],
53 silly audit   '@aws-sdk/credential-provider-process': [ '3.226.0' ],
53 silly audit   '@aws-sdk/credential-provider-sso': [ '3.229.0' ],
53 silly audit   '@aws-sdk/credential-provider-web-identity': [ '3.226.0' ],
53 silly audit   '@aws-sdk/credential-providers': [ '3.229.0' ],
53 silly audit   '@aws-sdk/fetch-http-handler': [ '3.226.0' ],
53 silly audit   '@aws-sdk/hash-node': [ '3.226.0' ],
53 silly audit   '@aws-sdk/invalid-dependency': [ '3.226.0' ],
53 silly audit   '@aws-sdk/is-array-buffer': [ '3.201.0' ],
53 silly audit   '@aws-sdk/middleware-content-length': [ '3.226.0' ],
53 silly audit   '@aws-sdk/middleware-endpoint': [ '3.226.0' ],
53 silly audit   '@aws-sdk/middleware-host-header': [ '3.226.0' ],
53 silly audit   '@aws-sdk/middleware-logger': [ '3.226.0' ],
53 silly audit   '@aws-sdk/middleware-recursion-detection': [ '3.226.0' ],
53 silly audit   '@aws-sdk/middleware-retry': [ '3.229.0' ],
53 silly audit   '@aws-sdk/middleware-sdk-sts': [ '3.226.0' ],
53 silly audit   '@aws-sdk/middleware-serde': [ '3.226.0' ],
53 silly audit   '@aws-sdk/middleware-signing': [ '3.226.0' ],
53 silly audit   '@aws-sdk/middleware-stack': [ '3.226.0' ],
53 silly audit   '@aws-sdk/middleware-user-agent': [ '3.226.0' ],
53 silly audit   '@aws-sdk/node-config-provider': [ '3.226.0' ],
53 silly audit   '@aws-sdk/node-http-handler': [ '3.226.0' ],
53 silly audit   '@aws-sdk/property-provider': [ '3.226.0' ],
53 silly audit   '@aws-sdk/protocol-http': [ '3.226.0' ],
53 silly audit   '@aws-sdk/querystring-builder': [ '3.226.0' ],
53 silly audit   '@aws-sdk/querystring-parser': [ '3.226.0' ],
53 silly audit   '@aws-sdk/service-error-classification': [ '3.229.0' ],
53 silly audit   '@aws-sdk/shared-ini-file-loader': [ '3.226.0' ],
53 silly audit   '@aws-sdk/signature-v4': [ '3.226.0' ],
53 silly audit   '@aws-sdk/smithy-client': [ '3.226.0' ],
53 silly audit   '@aws-sdk/token-providers': [ '3.229.0' ],
53 silly audit   '@aws-sdk/types': [ '3.226.0' ],
53 silly audit   '@aws-sdk/url-parser': [ '3.226.0' ],
53 silly audit   '@aws-sdk/util-base64': [ '3.208.0' ],
53 silly audit   '@aws-sdk/util-body-length-browser': [ '3.188.0' ],
53 silly audit   '@aws-sdk/util-body-length-node': [ '3.208.0' ],
53 silly audit   '@aws-sdk/util-buffer-from': [ '3.208.0' ],
53 silly audit   '@aws-sdk/util-config-provider': [ '3.208.0' ],
53 silly audit   '@aws-sdk/util-defaults-mode-browser': [ '3.226.0' ],
53 silly audit   '@aws-sdk/util-defaults-mode-node': [ '3.226.0' ],
53 silly audit   '@aws-sdk/util-endpoints': [ '3.226.0' ],
53 silly audit   '@aws-sdk/util-hex-encoding': [ '3.201.0' ],
53 silly audit   '@aws-sdk/util-locate-window': [ '3.208.0' ],
53 silly audit   '@aws-sdk/util-middleware': [ '3.226.0' ],
53 silly audit   '@aws-sdk/util-retry': [ '3.229.0' ],
53 silly audit   '@aws-sdk/util-uri-escape': [ '3.201.0' ],
53 silly audit   '@aws-sdk/util-user-agent-browser': [ '3.226.0' ],
53 silly audit   '@aws-sdk/util-user-agent-node': [ '3.226.0' ],
53 silly audit   '@aws-sdk/util-utf8-browser': [ '3.188.0' ],
53 silly audit   '@aws-sdk/util-utf8-node': [ '3.208.0' ],
53 silly audit   '@mapbox/node-pre-gyp': [ '1.0.10' ],
53 silly audit   nopt: [ '5.0.0', '1.0.10' ],
53 silly audit   semver: [ '7.3.8', '6.3.0', '5.7.1', '7.0.0' ],
53 silly audit   '@socket.io/component-emitter': [ '3.1.0' ],
53 silly audit   '@types/cookie': [ '0.4.1' ],
53 silly audit   '@types/cors': [ '2.8.13' ],
53 silly audit   '@types/node': [ '18.11.10' ],
53 silly audit   '@types/webidl-conversions': [ '7.0.0' ],
53 silly audit   '@types/whatwg-url': [ '8.2.2' ],
53 silly audit   abbrev: [ '1.1.1' ],
53 silly audit   accepts: [ '1.3.8' ],
53 silly audit   'agent-base': [ '6.0.2' ],
53 silly audit   debug: [ '4.3.4', '2.6.9', '3.2.7' ],
53 silly audit   ms: [ '2.1.2', '2.1.3', '2.0.0' ],
53 silly audit   'ansi-regex': [ '5.0.1' ],
53 silly audit   anymatch: [ '3.1.3' ],
53 silly audit   aproba: [ '2.0.0' ],
53 silly audit   'are-we-there-yet': [ '2.0.0' ],
53 silly audit   'array-flatten': [ '1.1.1' ],
53 silly audit   'balanced-match': [ '1.0.2' ],
53 silly audit   'base64-js': [ '1.5.1' ],
53 silly audit   base64id: [ '2.0.0' ],
53 silly audit   bcrypt: [ '5.1.0' ],
53 silly audit   'binary-extensions': [ '2.2.0' ],
53 silly audit   'body-parser': [ '1.20.1' ],
53 silly audit   bowser: [ '2.11.0' ],
53 silly audit   'brace-expansion': [ '1.1.11' ],
53 silly audit   braces: [ '3.0.2' ],
53 silly audit   bson: [ '4.7.0' ],
53 silly audit   buffer: [ '5.7.1' ],
53 silly audit   'buffer-equal-constant-time': [ '1.0.1' ],
53 silly audit   bytes: [ '3.1.2' ],
53 silly audit   'call-bind': [ '1.0.2' ],
53 silly audit   chokidar: [ '3.5.3' ],
53 silly audit   chownr: [ '2.0.0' ],
53 silly audit   'color-support': [ '1.1.3' ],
53 silly audit   'concat-map': [ '0.0.1' ],
53 silly audit   'console-control-strings': [ '1.1.0' ],
53 silly audit   'content-disposition': [ '0.5.4' ],
53 silly audit   'content-type': [ '1.0.4' ],
53 silly audit   cookie: [ '0.5.0', '0.4.1', '0.4.2' ],
53 silly audit   'cookie-parser': [ '1.4.6' ],
53 silly audit   'cookie-signature': [ '1.0.6' ],
53 silly audit   cors: [ '2.8.5' ],
53 silly audit   delegates: [ '1.0.0' ],
53 silly audit   depd: [ '2.0.0' ],
53 silly audit   destroy: [ '1.2.0' ],
53 silly audit   'detect-libc': [ '2.0.1' ],
53 silly audit   dotenv: [ '16.0.3' ],
53 silly audit   'ecdsa-sig-formatter': [ '1.0.11' ],
53 silly audit   'ee-first': [ '1.1.1' ],
53 silly audit   'emoji-regex': [ '8.0.0' ],
53 silly audit   encodeurl: [ '1.0.2' ],
53 silly audit   'engine.io': [ '6.2.1' ],
53 silly audit   'engine.io-client': [ '6.2.3' ],
53 silly audit   'engine.io-parser': [ '5.0.4' ],
53 silly audit   'escape-html': [ '1.0.3' ],
53 silly audit   etag: [ '1.8.1' ],
53 silly audit   express: [ '4.18.2' ],
53 silly audit   'fast-xml-parser': [ '4.0.11' ],
53 silly audit   'fill-range': [ '7.0.1' ],
53 silly audit   finalhandler: [ '1.2.0' ],
53 silly audit   forwarded: [ '0.2.0' ],
53 silly audit   fresh: [ '0.5.2' ],
53 silly audit   'fs-minipass': [ '2.1.0' ],
53 silly audit   minipass: [ '3.3.6', '4.0.0' ],
53 silly audit   'fs.realpath': [ '1.0.0' ],
53 silly audit   fsevents: [ '2.3.2' ],
53 silly audit   'function-bind': [ '1.1.1' ],
53 silly audit   gauge: [ '3.0.2' ],
53 silly audit   'get-intrinsic': [ '1.1.3' ],
53 silly audit   glob: [ '7.2.3' ],
53 silly audit   'glob-parent': [ '5.1.2' ],
53 silly audit   has: [ '1.0.3' ],
53 silly audit   'has-flag': [ '3.0.0' ],
53 silly audit   'has-symbols': [ '1.0.3' ],
53 silly audit   'has-unicode': [ '2.0.1' ],
53 silly audit   'http-errors': [ '2.0.0' ],
53 silly audit   'https-proxy-agent': [ '5.0.1' ],
53 silly audit   'iconv-lite': [ '0.4.24' ],
53 silly audit   ieee754: [ '1.2.1' ],
53 silly audit   'ignore-by-default': [ '1.0.1' ],
53 silly audit   inflight: [ '1.0.6' ],
53 silly audit   inherits: [ '2.0.4' ],
53 silly audit   ip: [ '2.0.0' ],
53 silly audit   'ipaddr.js': [ '1.9.1' ],
53 silly audit   'is-binary-path': [ '2.1.0' ],
53 silly audit   'is-extglob': [ '2.1.1' ],
53 silly audit   'is-fullwidth-code-point': [ '3.0.0' ],
53 silly audit   'is-glob': [ '4.0.3' ],
53 silly audit   'is-number': [ '7.0.0' ],
53 silly audit   jsonwebtoken: [ '8.5.1' ],
53 silly audit   jwa: [ '1.4.1' ],
53 silly audit   jws: [ '3.2.2' ],
53 silly audit   kareem: [ '2.5.0' ],
53 silly audit   'lodash.includes': [ '4.3.0' ],
53 silly audit   'lodash.isboolean': [ '3.0.3' ],
53 silly audit   'lodash.isinteger': [ '4.0.4' ],
53 silly audit   'lodash.isnumber': [ '3.0.3' ],
53 silly audit   'lodash.isplainobject': [ '4.0.6' ],
53 silly audit   'lodash.isstring': [ '4.0.1' ],
53 silly audit   'lodash.once': [ '4.1.1' ],
53 silly audit   'lru-cache': [ '6.0.0' ],
53 silly audit   'make-dir': [ '3.1.0' ],
53 silly audit   'media-typer': [ '0.3.0' ],
53 silly audit   'memory-pager': [ '1.5.0' ],
53 silly audit   'merge-descriptors': [ '1.0.1' ],
53 silly audit   methods: [ '1.1.2' ],
53 silly audit   mime: [ '1.6.0' ],
53 silly audit   'mime-db': [ '1.52.0' ],
53 silly audit   'mime-types': [ '2.1.35' ],
53 silly audit   minimatch: [ '3.1.2' ],
53 silly audit   minizlib: [ '2.1.2' ],
53 silly audit   mkdirp: [ '1.0.4' ],
53 silly audit   moment: [ '2.29.4' ],
53 silly audit   'mongodb-connection-string-url': [ '2.6.0' ],
53 silly audit   mongoose: [ '6.8.0' ],
53 silly audit   mpath: [ '0.9.0' ],
53 silly audit   mquery: [ '4.0.3' ],
53 silly audit   negotiator: [ '0.6.3' ],
53 silly audit   'node-addon-api': [ '5.0.0' ],
53 silly audit   'node-fetch': [ '2.6.7' ],
53 silly audit   tr46: [ '0.0.3', '3.0.0' ],
53 silly audit   'webidl-conversions': [ '3.0.1', '7.0.0' ],
53 silly audit   'whatwg-url': [ '5.0.0', '11.0.0' ],
53 silly audit   nodemon: [ '2.0.20' ],
53 silly audit   'normalize-path': [ '3.0.0' ],
53 silly audit   npmlog: [ '5.0.1' ],
53 silly audit   'object-assign': [ '4.1.1' ],
53 silly audit   'object-inspect': [ '1.12.2' ],
53 silly audit   'on-finished': [ '2.4.1' ],
53 silly audit   once: [ '1.4.0' ],
53 silly audit   parseurl: [ '1.3.3' ],
53 silly audit   'path-is-absolute': [ '1.0.1' ],
53 silly audit   'path-to-regexp': [ '0.1.7' ],
53 silly audit   picomatch: [ '2.3.1' ],
53 silly audit   'proxy-addr': [ '2.0.7' ],
53 silly audit   'pstree.remy': [ '1.1.8' ],
53 silly audit   punycode: [ '2.1.1' ],
53 silly audit   qs: [ '6.11.0' ],
53 silly audit   'range-parser': [ '1.2.1' ],
53 silly audit   'raw-body': [ '2.5.1' ],
53 silly audit   'readable-stream': [ '3.6.0' ],
53 silly audit   readdirp: [ '3.6.0' ],
53 silly audit   rimraf: [ '3.0.2' ],
53 silly audit   'safe-buffer': [ '5.2.1' ],
53 silly audit   'safer-buffer': [ '2.1.2' ],
53 silly audit   saslprep: [ '1.0.3' ],
53 silly audit   send: [ '0.18.0' ],
53 silly audit   'serve-static': [ '1.15.0' ],
53 silly audit   'set-blocking': [ '2.0.0' ],
53 silly audit   setprototypeof: [ '1.2.0' ],
53 silly audit   'side-channel': [ '1.0.4' ],
53 silly audit   sift: [ '16.0.1' ],
53 silly audit   'signal-exit': [ '3.0.7' ],
53 silly audit   'simple-update-notifier': [ '1.1.0' ],
53 silly audit   'smart-buffer': [ '4.2.0' ],
53 silly audit   'socket.io': [ '4.5.4' ],
53 silly audit   'socket.io-adapter': [ '2.4.0' ],
53 silly audit   'socket.io-client': [ '4.5.4' ],
53 silly audit   'socket.io-parser': [ '4.2.1' ],
53 silly audit   socks: [ '2.7.1' ],
53 silly audit   'sparse-bitfield': [ '3.0.3' ],
53 silly audit   statuses: [ '2.0.1' ],
53 silly audit   string_decoder: [ '1.3.0' ],
53 silly audit   'string-width': [ '4.2.3' ],
53 silly audit   'strip-ansi': [ '6.0.1' ],
53 silly audit   strnum: [ '1.0.5' ],
53 silly audit   'supports-color': [ '5.5.0' ],
53 silly audit   tar: [ '6.1.13' ],
53 silly audit   'to-regex-range': [ '5.0.1' ],
53 silly audit   toidentifier: [ '1.0.1' ],
53 silly audit   touch: [ '3.1.0' ],
53 silly audit   'type-is': [ '1.6.18' ],
53 silly audit   undefsafe: [ '2.0.5' ],
53 silly audit   unpipe: [ '1.0.0' ],
53 silly audit   'util-deprecate': [ '1.0.2' ],
53 silly audit   'utils-merge': [ '1.0.1' ],
53 silly audit   uuid: [ '8.3.2' ],
53 silly audit   vary: [ '1.1.2' ],
53 silly audit   'wide-align': [ '1.1.5' ],
53 silly audit   wrappy: [ '1.0.2' ],
53 silly audit   ws: [ '8.2.3' ],
53 silly audit   'xmlhttprequest-ssl': [ '2.0.0' ],
53 silly audit   yallist: [ '4.0.0' ],
53 silly audit   mongodb: [ '4.12.1' ]
53 silly audit }
54 verbose reify failed optional dependency /home/node/node_modules/fsevents
55 silly reify mark deleted [ '/home/node/node_modules/fsevents' ]
56 timing reifyNode:node_modules/fsevents Completed in 2ms
57 timing reify:unpack Completed in 3ms
58 timing reify:unretire Completed in 0ms
59 timing build:queue Completed in 1ms
60 timing build:deps Completed in 1ms
61 timing build Completed in 2ms
62 timing reify:build Completed in 3ms
63 timing reify:trash Completed in 1ms
64 timing reify:save Completed in 61ms
65 http fetch POST 200 https://registry.npmjs.org/-/npm/v1/security/advisories/bulk 214ms
66 timing auditReport:getReport Completed in 220ms
67 silly audit report {}
68 timing auditReport:init Completed in 0ms
69 timing reify:audit Completed in 222ms
70 timing reify Completed in 783ms
71 silly ADD
72 timing command:i Completed in 792ms
73 verbose exit 0
74 timing npm Completed in 886ms
75 info ok
